[22:49:02] [ERROR] Количество записей в базе даннных больше значения MAX_FRACTION. (rows = 12, MAX_FRACTION = 12)
[22:49:02] [DEBUG] Fraction.PrintArray(0)
[22:49:02] [INFO] E_FRACTION_ID = 1, E_FRACTION_NUMBER = 0 TITLE = LSPD
E_FRACTION_LEADER_ID = -1 E_FRACTION_LEADER_NAME = Отсутсвует E_FRACTION_DATE_DESTINATION = 2019-03-21 11:09:46
E_FRACTION_AUTO_INVITE = 1 E_FRACTION_AUTO_RANG = 1
[22:49:02] [DEBUG] Fraction.PrintArray(1)
[22:49:02] [INFO] E_FRACTION_ID = 2, E_FRACTION_NUMBER = 1 TITLE = Grove Street
E_FRACTION_LEADER_ID = 128091 E_FRACTION_LEADER_NAME = Christopher_Wallace E_FRACTION_DATE_DESTINATION = 2019-04-10 13:24:02
E_FRACTION_AUTO_INVITE = 0 E_FRACTION_AUTO_RANG = 0
[22:49:02] [DEBUG] Fraction.PrintArray(2)
[22:49:02] [INFO] E_FRACTION_ID = 3, E_FRACTION_NUMBER = 2 TITLE = Ballas Gang
E_FRACTION_LEADER_ID = 129555 E_FRACTION_LEADER_NAME = Federigo_Civello E_FRACTION_DATE_DESTINATION = 2019-04-01 21:47:43
E_FRACTION_AUTO_INVITE = 0 E_FRACTION_AUTO_RANG = 0
[22:49:02] [DEBUG] Fraction.PrintArray(3)
[22:49:02] [INFO] E_FRACTION_ID = 4, E_FRACTION_NUMBER = 3 TITLE = Vagos Gang
E_FRACTION_LEADER_ID = -1 E_FRACTION_LEADER_NAME = Отсутсвует E_FRACTION_DATE_DESTINATION = 2019-04-20 17:53:19
E_FRACTION_AUTO_INVITE = 1 E_FRACTION_AUTO_RANG = 1
[22:49:02] [DEBUG] Fraction.PrintArray(4)
[22:49:02] [INFO] E_FRACTION_ID = 5, E_FRACTION_NUMBER = 4 TITLE = Rifa Gang
E_FRACTION_LEADER_ID = -1 E_FRACTION_LEADER_NAME = Отсутсвует E_FRACTION_DATE_DESTINATION = 2019-04-19 15:41:34
E_FRACTION_AUTO_INVITE = 1 E_FRACTION_AUTO_RANG = 1
[22:49:02] [DEBUG] Fraction.PrintArray(5)
[22:49:02] [INFO] E_FRACTION_ID = 6, E_FRACTION_NUMBER = 5 TITLE = Aztecas Gang
E_FRACTION_LEADER_ID = 111434 E_FRACTION_LEADER_NAME = Niccolo_Jager E_FRACTION_DATE_DESTINATION = 2019-03-24 22:33:22
E_FRACTION_AUTO_INVITE = 0 E_FRACTION_AUTO_RANG = 1
[22:49:02] [DEBUG] Fraction.PrintArray(6)
[22:49:02] [INFO] E_FRACTION_ID = 7, E_FRACTION_NUMBER = 6 TITLE = Русская Мафия
E_FRACTION_LEADER_ID = -1 E_FRACTION_LEADER_NAME = Отсутсвует E_FRACTION_DATE_DESTINATION = 2019-03-20 23:16:36
E_FRACTION_AUTO_INVITE = 1 E_FRACTION_AUTO_RANG = 1
[22:49:02] [DEBUG] Fraction.PrintArray(7)
[22:49:02] [INFO] E_FRACTION_ID = 8, E_FRACTION_NUMBER = 7 TITLE = Triads
E_FRACTION_LEADER_ID = -1 E_FRACTION_LEADER_NAME = Отсутсвует E_FRACTION_DATE_DESTINATION = 2019-03-20 21:31:46
E_FRACTION_AUTO_INVITE = 1 E_FRACTION_AUTO_RANG = 1
[22:49:02] [DEBUG] Fraction.PrintArray(8)
[22:49:02] [INFO] E_FRACTION_ID = 9, E_FRACTION_NUMBER = 8 TITLE = Da Nang Boys
E_FRACTION_LEADER_ID = -1 E_FRACTION_LEADER_NAME = Отсутсвует E_FRACTION_DATE_DESTINATION = 2019-03-20 21:28:25
E_FRACTION_AUTO_INVITE = 1 E_FRACTION_AUTO_RANG = 1
[22:49:02] [DEBUG] Fraction.PrintArray(9)
[22:49:02] [INFO] E_FRACTION_ID = 10, E_FRACTION_NUMBER = 9 TITLE = Армия
E_FRACTION_LEADER_ID = 152442 E_FRACTION_LEADER_NAME = Lincolns_Esino E_FRACTION_DATE_DESTINATION = 2019-04-08 21:18:02
E_FRACTION_AUTO_INVITE = 0 E_FRACTION_AUTO_RANG = 0
[22:49:02] [DEBUG] Fraction.PrintArray(10)
[22:49:02] [INFO] E_FRACTION_ID = 11, E_FRACTION_NUMBER = 10 TITLE = FBI
E_FRACTION_LEADER_ID = 144530 E_FRACTION_LEADER_NAME = Hudson_Hornet E_FRACTION_DATE_DESTINATION = 2019-04-22 12:39:58
E_FRACTION_AUTO_INVITE = 0 E_FRACTION_AUTO_RANG = 0
[22:49:02] [DEBUG] Fraction.PrintArray(11)
[22:49:02] [INFO] E_FRACTION_ID = 12, E_FRACTION_NUMBER = 11 TITLE = Правительство
E_FRACTION_LEADER_ID = 159897 E_FRACTION_LEADER_NAME = Andrey_Zinj E_FRACTION_DATE_DESTINATION = 2019-04-22 18:20:04
E_FRACTION_AUTO_INVITE = 0 E_FRACTION_AUTO_RANG = 1
