[00:31:46] [DEBUG] Fraction.PrintArray(0)
[00:31:46] [INFO] E_FRACTION_ID = 1, E_FRACTION_NUMBER = 0 TITLE = LSPD
E_FRACTION_LEADER_ID = -1 E_FRACTION_LEADER_NAME = Отсутсвует E_FRACTION_DATE_DESTINATION = 2019-03-14 20:25:39
E_FRACTION_AUTO_INVITE = 1 E_FRACTION_AUTO_RANG = 1
[00:31:46] [DEBUG] Fraction.PrintArray(1)
[00:31:46] [INFO] E_FRACTION_ID = 2, E_FRACTION_NUMBER = 1 TITLE = Grove Street
E_FRACTION_LEADER_ID = -1 E_FRACTION_LEADER_NAME = Отсутсвует E_FRACTION_DATE_DESTINATION = 0000-00-00 00:00:00
E_FRACTION_AUTO_INVITE = 1 E_FRACTION_AUTO_RANG = 1
[00:31:46] [DEBUG] Fraction.PrintArray(2)
[00:31:46] [INFO] E_FRACTION_ID = 3, E_FRACTION_NUMBER = 2 TITLE = Ballas Gang
E_FRACTION_LEADER_ID = -1 E_FRACTION_LEADER_NAME = Отсутсвует E_FRACTION_DATE_DESTINATION = 0000-00-00 00:00:00
E_FRACTION_AUTO_INVITE = 1 E_FRACTION_AUTO_RANG = 1
[00:31:46] [DEBUG] Fraction.PrintArray(3)
[00:31:46] [INFO] E_FRACTION_ID = 4, E_FRACTION_NUMBER = 3 TITLE = Vagos Gang
E_FRACTION_LEADER_ID = -1 E_FRACTION_LEADER_NAME = Отсутсвует E_FRACTION_DATE_DESTINATION = 0000-00-00 00:00:00
E_FRACTION_AUTO_INVITE = 1 E_FRACTION_AUTO_RANG = 1
[00:31:46] [DEBUG] Fraction.PrintArray(4)
[00:31:46] [INFO] E_FRACTION_ID = 5, E_FRACTION_NUMBER = 4 TITLE = Rifa Gang
E_FRACTION_LEADER_ID = -1 E_FRACTION_LEADER_NAME = Отсутсвует E_FRACTION_DATE_DESTINATION = 0000-00-00 00:00:00
E_FRACTION_AUTO_INVITE = 1 E_FRACTION_AUTO_RANG = 1
[00:31:46] [DEBUG] Fraction.PrintArray(5)
[00:31:46] [INFO] E_FRACTION_ID = 6, E_FRACTION_NUMBER = 5 TITLE = Aztecas Gang
E_FRACTION_LEADER_ID = -1 E_FRACTION_LEADER_NAME = Отсутсвует E_FRACTION_DATE_DESTINATION = 2019-03-12 14:47:23
E_FRACTION_AUTO_INVITE = 1 E_FRACTION_AUTO_RANG = 1
[00:31:46] [DEBUG] Fraction.PrintArray(6)
[00:31:46] [INFO] E_FRACTION_ID = 7, E_FRACTION_NUMBER = 6 TITLE = Русская Мафия
E_FRACTION_LEADER_ID = -1 E_FRACTION_LEADER_NAME = Отсутсвует E_FRACTION_DATE_DESTINATION = 0000-00-00 00:00:00
E_FRACTION_AUTO_INVITE = 1 E_FRACTION_AUTO_RANG = 1
[00:31:46] [DEBUG] Fraction.PrintArray(7)
[00:31:46] [INFO] E_FRACTION_ID = 8, E_FRACTION_NUMBER = 7 TITLE = Triads
E_FRACTION_LEADER_ID = -1 E_FRACTION_LEADER_NAME = Отсутсвует E_FRACTION_DATE_DESTINATION = 2019-03-14 16:42:29
E_FRACTION_AUTO_INVITE = 1 E_FRACTION_AUTO_RANG = 1
[00:31:46] [DEBUG] Fraction.PrintArray(8)
[00:31:46] [INFO] E_FRACTION_ID = 9, E_FRACTION_NUMBER = 8 TITLE = Da Nang Boys
E_FRACTION_LEADER_ID = -1 E_FRACTION_LEADER_NAME = Отсутсвует E_FRACTION_DATE_DESTINATION = 0000-00-00 00:00:00
E_FRACTION_AUTO_INVITE = 1 E_FRACTION_AUTO_RANG = 1
[00:31:46] [DEBUG] Fraction.PrintArray(9)
[00:31:46] [INFO] E_FRACTION_ID = 10, E_FRACTION_NUMBER = 9 TITLE = Армия
E_FRACTION_LEADER_ID = -1 E_FRACTION_LEADER_NAME = Отсутсвует E_FRACTION_DATE_DESTINATION = 0000-00-00 00:00:00
E_FRACTION_AUTO_INVITE = 1 E_FRACTION_AUTO_RANG = 1
[00:31:46] [DEBUG] Fraction.PrintArray(10)
[00:31:46] [INFO] E_FRACTION_ID = 11, E_FRACTION_NUMBER = 10 TITLE = FBI
E_FRACTION_LEADER_ID = -1 E_FRACTION_LEADER_NAME = Отсутсвует E_FRACTION_DATE_DESTINATION = 0000-00-00 00:00:00
E_FRACTION_AUTO_INVITE = 1 E_FRACTION_AUTO_RANG = 1
[00:31:46] [DEBUG] Fraction.PrintArray(11)
[00:31:46] [INFO] E_FRACTION_ID = 12, E_FRACTION_NUMBER = 11 TITLE = Правительство
E_FRACTION_LEADER_ID = 1 E_FRACTION_LEADER_NAME = Boulevard_Picard E_FRACTION_DATE_DESTINATION = 2019-03-14 21:02:44
E_FRACTION_AUTO_INVITE = 1 E_FRACTION_AUTO_RANG = 1
[00:32:04] [DEBUG] Fraction.ResetLeader(0)
[00:32:04] [WARNING] Попытка снять лидеру у организации без лидера. Fraction.ResetLeader(0)
[00:32:34] [DEBUG] Fraction.ResetLeader(1)
[00:32:34] [WARNING] Попытка снять лидеру у организации без лидера. Fraction.ResetLeader(1)
[00:33:10] [DEBUG] Fraction.ResetLeader(-5050)
[00:33:16] [DEBUG] Fraction.ResetLeader(5555)
