[00:35:44] [DEBUG] Fraction.PrintArray(0)
[00:35:44] [INFO] E_FRACTION_ID = 1, E_FRACTION_NUMBER = 0 TITLE = LSPD
E_FRACTION_LEADER_ID = -1 E_FRACTION_LEADER_NAME = ╬ҐёґҐётґхҐ E_FRACTION_DATE_DESTINATION = 2019-03-21 11:09:46
E_FRACTION_AUTO_INVITE = 1 E_FRACTION_AUTO_RANG = 1
[00:35:44] [DEBUG] Fraction.PrintArray(1)
[00:35:44] [INFO] E_FRACTION_ID = 2, E_FRACTION_NUMBER = 1 TITLE = Grove Street
E_FRACTION_LEADER_ID = -1 E_FRACTION_LEADER_NAME = ╬ҐёґҐётґхҐ E_FRACTION_DATE_DESTINATION = 2019-03-22 07:53:46
E_FRACTION_AUTO_INVITE = 1 E_FRACTION_AUTO_RANG = 1
[00:35:44] [DEBUG] Fraction.PrintArray(2)
[00:35:44] [INFO] E_FRACTION_ID = 3, E_FRACTION_NUMBER = 2 TITLE = Ballas Gang
E_FRACTION_LEADER_ID = -1 E_FRACTION_LEADER_NAME = ╬ҐёґҐётґхҐ E_FRACTION_DATE_DESTINATION = 2019-03-20 23:05:14
E_FRACTION_AUTO_INVITE = 1 E_FRACTION_AUTO_RANG = 1
[00:35:44] [DEBUG] Fraction.PrintArray(3)
[00:35:44] [INFO] E_FRACTION_ID = 4, E_FRACTION_NUMBER = 3 TITLE = Vagos Gang
E_FRACTION_LEADER_ID = 66227 E_FRACTION_LEADER_NAME = Pao_Nakuy E_FRACTION_DATE_DESTINATION = 2019-03-25 19:39:15
E_FRACTION_AUTO_INVITE = 0 E_FRACTION_AUTO_RANG = 1
[00:35:44] [DEBUG] Fraction.PrintArray(4)
[00:35:44] [INFO] E_FRACTION_ID = 5, E_FRACTION_NUMBER = 4 TITLE = Rifa Gang
E_FRACTION_LEADER_ID = 84839 E_FRACTION_LEADER_NAME = Vadim_Messi E_FRACTION_DATE_DESTINATION = 2019-03-27 19:26:29
E_FRACTION_AUTO_INVITE = 0 E_FRACTION_AUTO_RANG = 1
[00:35:44] [DEBUG] Fraction.PrintArray(5)
[00:35:44] [INFO] E_FRACTION_ID = 6, E_FRACTION_NUMBER = 5 TITLE = Aztecas Gang
E_FRACTION_LEADER_ID = 111434 E_FRACTION_LEADER_NAME = Niccolo_Jager E_FRACTION_DATE_DESTINATION = 2019-03-24 22:33:22
E_FRACTION_AUTO_INVITE = 0 E_FRACTION_AUTO_RANG = 1
[00:35:44] [DEBUG] Fraction.PrintArray(6)
[00:35:44] [INFO] E_FRACTION_ID = 7, E_FRACTION_NUMBER = 6 TITLE = ╨ґёёър  ╠рЄш 
E_FRACTION_LEADER_ID = -1 E_FRACTION_LEADER_NAME = ╬ҐёґҐётґхҐ E_FRACTION_DATE_DESTINATION = 2019-03-20 23:16:36
E_FRACTION_AUTO_INVITE = 1 E_FRACTION_AUTO_RANG = 1
[00:35:44] [DEBUG] Fraction.PrintArray(7)
[00:35:44] [INFO] E_FRACTION_ID = 8, E_FRACTION_NUMBER = 7 TITLE = Triads
E_FRACTION_LEADER_ID = -1 E_FRACTION_LEADER_NAME = ╬ҐёґҐётґхҐ E_FRACTION_DATE_DESTINATION = 2019-03-20 21:31:46
E_FRACTION_AUTO_INVITE = 1 E_FRACTION_AUTO_RANG = 1
[00:35:44] [DEBUG] Fraction.PrintArray(8)
[00:35:44] [INFO] E_FRACTION_ID = 9, E_FRACTION_NUMBER = 8 TITLE = Da Nang Boys
E_FRACTION_LEADER_ID = -1 E_FRACTION_LEADER_NAME = ╬ҐёґҐётґхҐ E_FRACTION_DATE_DESTINATION = 2019-03-20 21:28:25
E_FRACTION_AUTO_INVITE = 1 E_FRACTION_AUTO_RANG = 1
[00:35:44] [DEBUG] Fraction.PrintArray(9)
[00:35:44] [INFO] E_FRACTION_ID = 10, E_FRACTION_NUMBER = 9 TITLE = └Ёьш 
E_FRACTION_LEADER_ID = 117055 E_FRACTION_LEADER_NAME = Rey_Vivi E_FRACTION_DATE_DESTINATION = 2019-03-25 18:13:46
E_FRACTION_AUTO_INVITE = 0 E_FRACTION_AUTO_RANG = 1
[00:35:44] [DEBUG] Fraction.PrintArray(10)
[00:35:44] [INFO] E_FRACTION_ID = 11, E_FRACTION_NUMBER = 10 TITLE = FBI
E_FRACTION_LEADER_ID = 8341 E_FRACTION_LEADER_NAME = Harris_Moore E_FRACTION_DATE_DESTINATION = 2019-03-27 20:58:50
E_FRACTION_AUTO_INVITE = 0 E_FRACTION_AUTO_RANG = 0
[00:35:44] [DEBUG] Fraction.PrintArray(11)
[00:35:44] [INFO] E_FRACTION_ID = 12, E_FRACTION_NUMBER = 11 TITLE = ╧ЁртшҐхы№ёҐтю
E_FRACTION_LEADER_ID = -1 E_FRACTION_LEADER_NAME = ╬ҐёґҐётґхҐ E_FRACTION_DATE_DESTINATION = 2019-03-27 03:07:55
E_FRACTION_AUTO_INVITE = 1 E_FRACTION_AUTO_RANG = 1
