[19:14:17] [DEBUG] Fraction.ResetLeader(0)
[19:14:17] [WARNING] Попытка обращения к неисцилизированному массиву. Fraction.ResetLeader(0)
[19:14:17] [DEBUG] Fraction.PrintArray(0)
[19:14:17] [INFO] E_FRACTION_ID = 1, E_FRACTION_NUMBER = 0 TITLE = LSPD
E_FRACTION_LEADER_ID = -1 E_FRACTION_LEADER_NAME = Отсутсвует E_FRACTION_DATE_DESTINATION = 2019-03-16 16:39:24
E_FRACTION_AUTO_INVITE = 0 E_FRACTION_AUTO_RANG = 1
[19:14:17] [DEBUG] Fraction.PrintArray(1)
[19:14:17] [INFO] E_FRACTION_ID = 2, E_FRACTION_NUMBER = 1 TITLE = Grove Street
E_FRACTION_LEADER_ID = -1 E_FRACTION_LEADER_NAME = Отсутсвует E_FRACTION_DATE_DESTINATION = 2019-03-16 17:03:24
E_FRACTION_AUTO_INVITE = 1 E_FRACTION_AUTO_RANG = 0
[19:14:17] [DEBUG] Fraction.PrintArray(2)
[19:14:17] [INFO] E_FRACTION_ID = 3, E_FRACTION_NUMBER = 2 TITLE = Ballas Gang
E_FRACTION_LEADER_ID = -1 E_FRACTION_LEADER_NAME = Отсутсвует E_FRACTION_DATE_DESTINATION = 2019-03-16 17:07:17
E_FRACTION_AUTO_INVITE = 0 E_FRACTION_AUTO_RANG = 0
[19:14:17] [DEBUG] Fraction.PrintArray(3)
[19:14:17] [INFO] E_FRACTION_ID = 4, E_FRACTION_NUMBER = 3 TITLE = Vagos Gang
E_FRACTION_LEADER_ID = -1 E_FRACTION_LEADER_NAME = Отсутсвует E_FRACTION_DATE_DESTINATION = 2019-03-15 03:00:37
E_FRACTION_AUTO_INVITE = 1 E_FRACTION_AUTO_RANG = 1
[19:14:17] [DEBUG] Fraction.PrintArray(4)
[19:14:17] [INFO] E_FRACTION_ID = 5, E_FRACTION_NUMBER = 4 TITLE = Rifa Gang
E_FRACTION_LEADER_ID = -1 E_FRACTION_LEADER_NAME = Отсутсвует E_FRACTION_DATE_DESTINATION = 2019-03-15 03:00:37
E_FRACTION_AUTO_INVITE = 1 E_FRACTION_AUTO_RANG = 1
[19:14:17] [DEBUG] Fraction.PrintArray(5)
[19:14:17] [INFO] E_FRACTION_ID = 6, E_FRACTION_NUMBER = 5 TITLE = Aztecas Gang
E_FRACTION_LEADER_ID = -1 E_FRACTION_LEADER_NAME = Отсутсвует E_FRACTION_DATE_DESTINATION = 2019-03-15 03:00:37
E_FRACTION_AUTO_INVITE = 1 E_FRACTION_AUTO_RANG = 1
[19:14:17] [DEBUG] Fraction.PrintArray(6)
[19:14:17] [INFO] E_FRACTION_ID = 7, E_FRACTION_NUMBER = 6 TITLE = Русская Мафия
E_FRACTION_LEADER_ID = -1 E_FRACTION_LEADER_NAME = Отсутсвует E_FRACTION_DATE_DESTINATION = 2019-03-15 03:00:37
E_FRACTION_AUTO_INVITE = 1 E_FRACTION_AUTO_RANG = 1
[19:14:17] [DEBUG] Fraction.PrintArray(7)
[19:14:17] [INFO] E_FRACTION_ID = 8, E_FRACTION_NUMBER = 7 TITLE = Triads
E_FRACTION_LEADER_ID = -1 E_FRACTION_LEADER_NAME = Отсутсвует E_FRACTION_DATE_DESTINATION = 2019-03-15 03:00:37
E_FRACTION_AUTO_INVITE = 1 E_FRACTION_AUTO_RANG = 1
[19:14:17] [DEBUG] Fraction.PrintArray(8)
[19:14:17] [INFO] E_FRACTION_ID = 9, E_FRACTION_NUMBER = 8 TITLE = Da Nang Boys
E_FRACTION_LEADER_ID = -1 E_FRACTION_LEADER_NAME = Отсутсвует E_FRACTION_DATE_DESTINATION = 2019-03-15 03:00:37
E_FRACTION_AUTO_INVITE = 1 E_FRACTION_AUTO_RANG = 1
[19:14:17] [DEBUG] Fraction.PrintArray(9)
[19:14:17] [INFO] E_FRACTION_ID = 10, E_FRACTION_NUMBER = 9 TITLE = Армия
E_FRACTION_LEADER_ID = -1 E_FRACTION_LEADER_NAME = Отсутсвует E_FRACTION_DATE_DESTINATION = 2019-03-15 03:00:37
E_FRACTION_AUTO_INVITE = 1 E_FRACTION_AUTO_RANG = 1
[19:14:17] [DEBUG] Fraction.PrintArray(10)
[19:14:17] [INFO] E_FRACTION_ID = 11, E_FRACTION_NUMBER = 10 TITLE = FBI
E_FRACTION_LEADER_ID = -1 E_FRACTION_LEADER_NAME = Отсутсвует E_FRACTION_DATE_DESTINATION = 2019-03-15 03:00:37
E_FRACTION_AUTO_INVITE = 1 E_FRACTION_AUTO_RANG = 1
[19:14:17] [DEBUG] Fraction.PrintArray(11)
[19:14:17] [INFO] E_FRACTION_ID = 12, E_FRACTION_NUMBER = 11 TITLE = Правительство
E_FRACTION_LEADER_ID = -1 E_FRACTION_LEADER_NAME = Отсутсвует E_FRACTION_DATE_DESTINATION = 2019-03-15 03:53:37
E_FRACTION_AUTO_INVITE = 1 E_FRACTION_AUTO_RANG = 0
