[13:43:27] [DEBUG] Business.PrintArray(0)
[13:43:27] [DEBUG] E_BUSINESS_ID = 1
E_BUSINESS_ENTER_X = 1833.78 E_BUSINESS_ENTER_Y = -1842.6 E_BUSINESS_ENTER_Z = 13.5781
E_BUSINESS_EXIT_X = 1831.12 E_BUSINESS_EXIT_Y = -1842.73 E_BUSINESS_EXIT_z = 13.5781 E_BUSINESS_EXIT_ANGLE = 90
E_BUSINESS_TYPE = 0 E_BUSINESS_PRICE = 100000 E_BUSINESS_OWNER_ID = -1 E_BUSINESS_OWNER_NAME = Отсутсвует
E_BUSINESS_PROD = 2991, E_BUSINESS_MAX_PROD = 3000 E_BUSINESS_CASH = 2602 E_BUSINESS_RENT_PRICE = 300
E_BUSINESS_RENT_DAY = 3

[13:43:27] [DEBUG] Business.CreateLabel(0)
[13:43:27] [DEBUG] {6de64e}Магазин 24/7{FFFFFF}
Владелец: {6de64e}Отсутствует{FFFFFF}
Цена бизнеса: {6de64e}100000 EXP{FFFFFF}
Арендная плата: {6de64e}300 EXP{FFFFFF}
[13:43:27] [DEBUG] Business.PrintArray(1)
[13:43:27] [DEBUG] E_BUSINESS_ID = 2
E_BUSINESS_ENTER_X = 1928.58 E_BUSINESS_ENTER_Y = -1776.31 E_BUSINESS_ENTER_Z = 13.5469
E_BUSINESS_EXIT_X = 1930.49 E_BUSINESS_EXIT_Y = -1776.32 E_BUSINESS_EXIT_z = 13.5469 E_BUSINESS_EXIT_ANGLE = 270
E_BUSINESS_TYPE = 0 E_BUSINESS_PRICE = 95000 E_BUSINESS_OWNER_ID = -1 E_BUSINESS_OWNER_NAME = Отсутсвует
E_BUSINESS_PROD = 2991, E_BUSINESS_MAX_PROD = 3000 E_BUSINESS_CASH = 2602 E_BUSINESS_RENT_PRICE = 300
E_BUSINESS_RENT_DAY = 3

[13:43:27] [DEBUG] Business.CreateLabel(1)
[13:43:27] [DEBUG] {6de64e}Магазин 24/7{FFFFFF}
Владелец: {6de64e}Отсутствует{FFFFFF}
Цена бизнеса: {6de64e}95000 EXP{FFFFFF}
Арендная плата: {6de64e}300 EXP{FFFFFF}
[13:43:27] [DEBUG] Business.PrintArray(2)
[13:43:27] [DEBUG] E_BUSINESS_ID = 3
E_BUSINESS_ENTER_X = 2292.24 E_BUSINESS_ENTER_Y = -1722.69 E_BUSINESS_ENTER_Z = 13.5469
E_BUSINESS_EXIT_X = 2292.14 E_BUSINESS_EXIT_Y = -1724.71 E_BUSINESS_EXIT_z = 13.5469 E_BUSINESS_EXIT_ANGLE = 180
E_BUSINESS_TYPE = 0 E_BUSINESS_PRICE = 65000 E_BUSINESS_OWNER_ID = -1 E_BUSINESS_OWNER_NAME = Отсутсвует
E_BUSINESS_PROD = 2991, E_BUSINESS_MAX_PROD = 3000 E_BUSINESS_CASH = 2602 E_BUSINESS_RENT_PRICE = 300
E_BUSINESS_RENT_DAY = 3

[13:43:27] [DEBUG] Business.CreateLabel(2)
[13:43:27] [DEBUG] {6de64e}Магазин 24/7{FFFFFF}
Владелец: {6de64e}Отсутствует{FFFFFF}
Цена бизнеса: {6de64e}65000 EXP{FFFFFF}
Арендная плата: {6de64e}300 EXP{FFFFFF}
[13:43:27] [DEBUG] Business.PrintArray(3)
[13:43:27] [DEBUG] E_BUSINESS_ID = 4
E_BUSINESS_ENTER_X = 2424.26 E_BUSINESS_ENTER_Y = -1742.76 E_BUSINESS_ENTER_Z = 13.5462
E_BUSINESS_EXIT_X = 2422.82 E_BUSINESS_EXIT_Y = -1741.01 E_BUSINESS_EXIT_z = 13.5469 E_BUSINESS_EXIT_ANGLE = 45
E_BUSINESS_TYPE = 0 E_BUSINESS_PRICE = 65000 E_BUSINESS_OWNER_ID = -1 E_BUSINESS_OWNER_NAME = Отсутсвует
E_BUSINESS_PROD = 2991, E_BUSINESS_MAX_PROD = 3000 E_BUSINESS_CASH = 2602 E_BUSINESS_RENT_PRICE = 300
E_BUSINESS_RENT_DAY = 3

[13:43:27] [DEBUG] Business.CreateLabel(3)
[13:43:27] [DEBUG] {6de64e}Магазин 24/7{FFFFFF}
Владелец: {6de64e}Отсутствует{FFFFFF}
Цена бизнеса: {6de64e}65000 EXP{FFFFFF}
Арендная плата: {6de64e}300 EXP{FFFFFF}
[13:43:27] [DEBUG] Business.PrintArray(4)
[13:43:27] [DEBUG] E_BUSINESS_ID = 5
E_BUSINESS_ENTER_X = 2747.41 E_BUSINESS_ENTER_Y = -1615.98 E_BUSINESS_ENTER_Z = 13.0165
E_BUSINESS_EXIT_X = 2744.76 E_BUSINESS_EXIT_Y = -1615.98 E_BUSINESS_EXIT_z = 13.0165 E_BUSINESS_EXIT_ANGLE = 90
E_BUSINESS_TYPE = 0 E_BUSINESS_PRICE = 70000 E_BUSINESS_OWNER_ID = -1 E_BUSINESS_OWNER_NAME = Отсутсвует
E_BUSINESS_PROD = 2991, E_BUSINESS_MAX_PROD = 3000 E_BUSINESS_CASH = 2602 E_BUSINESS_RENT_PRICE = 300
E_BUSINESS_RENT_DAY = 3

[13:43:27] [DEBUG] Business.CreateLabel(4)
[13:43:27] [DEBUG] {6de64e}Магазин 24/7{FFFFFF}
Владелец: {6de64e}Отсутствует{FFFFFF}
Цена бизнеса: {6de64e}70000 EXP{FFFFFF}
Арендная плата: {6de64e}300 EXP{FFFFFF}
[13:43:27] [DEBUG] Business.PrintArray(5)
[13:43:27] [DEBUG] E_BUSINESS_ID = 6
E_BUSINESS_ENTER_X = 1836.51 E_BUSINESS_ENTER_Y = -1442.96 E_BUSINESS_ENTER_Z = 13.5962
E_BUSINESS_EXIT_X = 1839.15 E_BUSINESS_EXIT_Y = -1442.97 E_BUSINESS_EXIT_z = 13.5652 E_BUSINESS_EXIT_ANGLE = 270
E_BUSINESS_TYPE = 0 E_BUSINESS_PRICE = 70000 E_BUSINESS_OWNER_ID = -1 E_BUSINESS_OWNER_NAME = Отсутсвует
E_BUSINESS_PROD = 2991, E_BUSINESS_MAX_PROD = 3000 E_BUSINESS_CASH = 2602 E_BUSINESS_RENT_PRICE = 300
E_BUSINESS_RENT_DAY = 3

[13:43:27] [DEBUG] Business.CreateLabel(5)
[13:43:27] [DEBUG] {6de64e}Магазин 24/7{FFFFFF}
Владелец: {6de64e}Отсутствует{FFFFFF}
Цена бизнеса: {6de64e}70000 EXP{FFFFFF}
Арендная плата: {6de64e}300 EXP{FFFFFF}
[13:43:27] [DEBUG] Business.PrintArray(6)
[13:43:27] [DEBUG] E_BUSINESS_ID = 7
E_BUSINESS_ENTER_X = 1081.24 E_BUSINESS_ENTER_Y = -1696.78 E_BUSINESS_ENTER_Z = 13.5469
E_BUSINESS_EXIT_X = 1081.39 E_BUSINESS_EXIT_Y = -1698.85 E_BUSINESS_EXIT_z = 13.5469 E_BUSINESS_EXIT_ANGLE = 180
E_BUSINESS_TYPE = 0 E_BUSINESS_PRICE = 90000 E_BUSINESS_OWNER_ID = -1 E_BUSINESS_OWNER_NAME = Отсутсвует
E_BUSINESS_PROD = 2991, E_BUSINESS_MAX_PROD = 3000 E_BUSINESS_CASH = 2602 E_BUSINESS_RENT_PRICE = 300
E_BUSINESS_RENT_DAY = 3

[13:43:27] [DEBUG] Business.CreateLabel(6)
[13:43:27] [DEBUG] {6de64e}Магазин 24/7{FFFFFF}
Владелец: {6de64e}Отсутствует{FFFFFF}
Цена бизнеса: {6de64e}90000 EXP{FFFFFF}
Арендная плата: {6de64e}300 EXP{FFFFFF}
[13:43:27] [DEBUG] Business.PrintArray(7)
[13:43:27] [DEBUG] E_BUSINESS_ID = 8
E_BUSINESS_ENTER_X = 663.122 E_BUSINESS_ENTER_Y = 1716.34 E_BUSINESS_ENTER_Z = 7.1875
E_BUSINESS_EXIT_X = 661.701 E_BUSINESS_EXIT_Y = 1718.03 E_BUSINESS_EXIT_z = 7.1875 E_BUSINESS_EXIT_ANGLE = 45
E_BUSINESS_TYPE = 0 E_BUSINESS_PRICE = 60000 E_BUSINESS_OWNER_ID = -1 E_BUSINESS_OWNER_NAME = Отсутсвует
E_BUSINESS_PROD = 2991, E_BUSINESS_MAX_PROD = 3000 E_BUSINESS_CASH = 2602 E_BUSINESS_RENT_PRICE = 300
E_BUSINESS_RENT_DAY = 3

[13:43:27] [DEBUG] Business.CreateLabel(7)
[13:43:27] [DEBUG] {6de64e}Магазин 24/7{FFFFFF}
Владелец: {6de64e}Отсутствует{FFFFFF}
Цена бизнеса: {6de64e}60000 EXP{FFFFFF}
Арендная плата: {6de64e}300 EXP{FFFFFF}
[13:43:27] [DEBUG] Business.PrintArray(8)
[13:43:27] [DEBUG] E_BUSINESS_ID = 9
E_BUSINESS_ENTER_X = 2105.49 E_BUSINESS_ENTER_Y = -1806.48 E_BUSINESS_ENTER_Z = 13.5547
E_BUSINESS_EXIT_X = 2102.48 E_BUSINESS_EXIT_Y = -1806.46 E_BUSINESS_EXIT_z = 13.5547 E_BUSINESS_EXIT_ANGLE = 90
E_BUSINESS_TYPE = 1 E_BUSINESS_PRICE = 50000 E_BUSINESS_OWNER_ID = -1 E_BUSINESS_OWNER_NAME = Отсутсвует
E_BUSINESS_PROD = 3000, E_BUSINESS_MAX_PROD = 3000 E_BUSINESS_CASH = 0 E_BUSINESS_RENT_PRICE = 700
E_BUSINESS_RENT_DAY = 3

[13:43:27] [DEBUG] Business.CreateLabel(8)
[13:43:27] [DEBUG] {6de64e}Закусочная{FFFFFF}
Владелец: {6de64e}Отсутствует{FFFFFF}
Цена бизнеса: {6de64e}50000 EXP{FFFFFF}
Арендная плата: {6de64e}700 EXP{FFFFFF}
[13:43:27] [DEBUG] Business.PrintArray(9)
[13:43:27] [DEBUG] E_BUSINESS_ID = 10
E_BUSINESS_ENTER_X = 928.916 E_BUSINESS_ENTER_Y = -1352.91 E_BUSINESS_ENTER_Z = 13.3438
E_BUSINESS_EXIT_X = 926.322 E_BUSINESS_EXIT_Y = -1352.85 E_BUSINESS_EXIT_z = 13.3767 E_BUSINESS_EXIT_ANGLE = 90
E_BUSINESS_TYPE = 1 E_BUSINESS_PRICE = 50000 E_BUSINESS_OWNER_ID = -1 E_BUSINESS_OWNER_NAME = Отсутсвует
E_BUSINESS_PROD = 3000, E_BUSINESS_MAX_PROD = 3000 E_BUSINESS_CASH = 0 E_BUSINESS_RENT_PRICE = 700
E_BUSINESS_RENT_DAY = 3

[13:43:27] [DEBUG] Business.CreateLabel(9)
[13:43:27] [DEBUG] {6de64e}Закусочная{FFFFFF}
Владелец: {6de64e}Отсутствует{FFFFFF}
Цена бизнеса: {6de64e}50000 EXP{FFFFFF}
Арендная плата: {6de64e}700 EXP{FFFFFF}
[13:43:27] [DEBUG] Business.PrintArray(10)
[13:43:27] [DEBUG] E_BUSINESS_ID = 11
E_BUSINESS_ENTER_X = 810.485 E_BUSINESS_ENTER_Y = -1616.23 E_BUSINESS_ENTER_Z = 13.5469
E_BUSINESS_EXIT_X = 813.818 E_BUSINESS_EXIT_Y = -1616.71 E_BUSINESS_EXIT_z = 13.5469 E_BUSINESS_EXIT_ANGLE = 270
E_BUSINESS_TYPE = 1 E_BUSINESS_PRICE = 50000 E_BUSINESS_OWNER_ID = -1 E_BUSINESS_OWNER_NAME = Отсутсвует
E_BUSINESS_PROD = 3000, E_BUSINESS_MAX_PROD = 3000 E_BUSINESS_CASH = 0 E_BUSINESS_RENT_PRICE = 700
E_BUSINESS_RENT_DAY = 3

[13:43:27] [DEBUG] Business.CreateLabel(10)
[13:43:27] [DEBUG] {6de64e}Закусочная{FFFFFF}
Владелец: {6de64e}Отсутствует{FFFFFF}
Цена бизнеса: {6de64e}50000 EXP{FFFFFF}
Арендная плата: {6de64e}700 EXP{FFFFFF}
[13:43:27] [DEBUG] Business.PrintArray(11)
[13:43:27] [DEBUG] E_BUSINESS_ID = 12
E_BUSINESS_ENTER_X = 1031.87 E_BUSINESS_ENTER_Y = -1442.64 E_BUSINESS_ENTER_Z = 13.5546
E_BUSINESS_EXIT_X = 813.818 E_BUSINESS_EXIT_Y = -1616.71 E_BUSINESS_EXIT_z = 13.5469 E_BUSINESS_EXIT_ANGLE = 270
E_BUSINESS_TYPE = 2 E_BUSINESS_PRICE = 50000 E_BUSINESS_OWNER_ID = -1 E_BUSINESS_OWNER_NAME = Отсутсвует
E_BUSINESS_PROD = 3000, E_BUSINESS_MAX_PROD = 3000 E_BUSINESS_CASH = 0 E_BUSINESS_RENT_PRICE = 700
E_BUSINESS_RENT_DAY = 3

[13:43:27] [DEBUG] Business.CreateLabel(11)
[13:43:27] [DEBUG] {6de64e}СТО{FFFFFF}
Владелец: {6de64e}Отсутствует{FFFFFF}
Цена бизнеса: {6de64e}50000 EXP{FFFFFF}
Арендная плата: {6de64e}700 EXP{FFFFFF}
[13:43:27] [DEBUG] Business.PrintArray(12)
[13:43:27] [DEBUG] E_BUSINESS_ID = 13
E_BUSINESS_ENTER_X = 325.8 E_BUSINESS_ENTER_Y = -1514.45 E_BUSINESS_ENTER_Z = 36.0325
E_BUSINESS_EXIT_X = 327.79 E_BUSINESS_EXIT_Y = -1515.99 E_BUSINESS_EXIT_z = 36.0391 E_BUSINESS_EXIT_ANGLE = 235
E_BUSINESS_TYPE = 3 E_BUSINESS_PRICE = 50000 E_BUSINESS_OWNER_ID = -1 E_BUSINESS_OWNER_NAME = Отсутсвует
E_BUSINESS_PROD = 3000, E_BUSINESS_MAX_PROD = 3000 E_BUSINESS_CASH = 0 E_BUSINESS_RENT_PRICE = 700
E_BUSINESS_RENT_DAY = 3

[13:43:27] [DEBUG] Business.CreateLabel(12)
[13:43:27] [DEBUG] {6de64e}Отель{FFFFFF}
Владелец: {6de64e}Отсутствует{FFFFFF}
Цена бизнеса: {6de64e}50000 EXP{FFFFFF}
Арендная плата: {6de64e}700 EXP{FFFFFF}
[13:43:27] [DEBUG] Business.PrintArray(13)
[13:43:27] [DEBUG] E_BUSINESS_ID = 14
E_BUSINESS_ENTER_X = 1022.51 E_BUSINESS_ENTER_Y = -1121.42 E_BUSINESS_ENTER_Z = 23.8701
E_BUSINESS_EXIT_X = 1021.9 E_BUSINESS_EXIT_Y = -1124.11 E_BUSINESS_EXIT_z = 23.8691 E_BUSINESS_EXIT_ANGLE = 180
E_BUSINESS_TYPE = 4 E_BUSINESS_PRICE = 50000 E_BUSINESS_OWNER_ID = -1 E_BUSINESS_OWNER_NAME = Отсутсвует
E_BUSINESS_PROD = 3000, E_BUSINESS_MAX_PROD = 3000 E_BUSINESS_CASH = 0 E_BUSINESS_RENT_PRICE = 700
E_BUSINESS_RENT_DAY = 3

[13:43:27] [DEBUG] Business.CreateLabel(13)
[13:43:27] [DEBUG] {6de64e}Казино{FFFFFF}
Владелец: {6de64e}Отсутствует{FFFFFF}
Цена бизнеса: {6de64e}50000 EXP{FFFFFF}
Арендная плата: {6de64e}700 EXP{FFFFFF}
[13:43:27] [DEBUG] Business.PrintArray(14)
[13:43:27] [DEBUG] E_BUSINESS_ID = 15
E_BUSINESS_ENTER_X = 2244.3 E_BUSINESS_ENTER_Y = -1665.54 E_BUSINESS_ENTER_Z = 15.4766
E_BUSINESS_EXIT_X = 2245.1 E_BUSINESS_EXIT_Y = -1663.6 E_BUSINESS_EXIT_z = 15.4766 E_BUSINESS_EXIT_ANGLE = 360
E_BUSINESS_TYPE = 5 E_BUSINESS_PRICE = 50000 E_BUSINESS_OWNER_ID = -1 E_BUSINESS_OWNER_NAME = Отсутсвует
E_BUSINESS_PROD = 3000, E_BUSINESS_MAX_PROD = 3000 E_BUSINESS_CASH = 0 E_BUSINESS_RENT_PRICE = 700
E_BUSINESS_RENT_DAY = 3

[13:43:27] [DEBUG] Business.CreateLabel(14)
[13:43:27] [DEBUG] {6de64e}Binco{FFFFFF}
Владелец: {6de64e}Отсутствует{FFFFFF}
Цена бизнеса: {6de64e}50000 EXP{FFFFFF}
Арендная плата: {6de64e}700 EXP{FFFFFF}
[13:43:27] [DEBUG] Business.PrintArray(15)
[13:43:27] [DEBUG] E_BUSINESS_ID = 16
E_BUSINESS_ENTER_X = 499.529 E_BUSINESS_ENTER_Y = -1360.63 E_BUSINESS_ENTER_Z = 16.3691
E_BUSINESS_EXIT_X = 500.362 E_BUSINESS_EXIT_Y = -1358.53 E_BUSINESS_EXIT_z = 16.1884 E_BUSINESS_EXIT_ANGLE = 337
E_BUSINESS_TYPE = 6 E_BUSINESS_PRICE = 50000 E_BUSINESS_OWNER_ID = -1 E_BUSINESS_OWNER_NAME = Отсутсвует
E_BUSINESS_PROD = 3000, E_BUSINESS_MAX_PROD = 3000 E_BUSINESS_CASH = 0 E_BUSINESS_RENT_PRICE = 700
E_BUSINESS_RENT_DAY = 3

[13:43:27] [DEBUG] Business.CreateLabel(15)
[13:43:27] [DEBUG] {6de64e}Pro Labs{FFFFFF}
Владелец: {6de64e}Отсутствует{FFFFFF}
Цена бизнеса: {6de64e}50000 EXP{FFFFFF}
Арендная плата: {6de64e}700 EXP{FFFFFF}
[13:43:27] [INFO] Загружено 16 бизнесов за 95 м.с.
