[21:22:05] [DEBUG] Business.PrintArray(0)
[21:22:05] [DEBUG] E_BUSINESS_ID = 1
E_BUSINESS_ENTER_X = 1833.78 E_BUSINESS_ENTER_Y = -1842.6 E_BUSINESS_ENTER_Z = 13.5781
E_BUSINESS_EXIT_X = 1831.12 E_BUSINESS_EXIT_Y = -1842.73 E_BUSINESS_EXIT_z = 13.5781 E_BUSINESS_EXIT_ANGLE = 90
E_BUSINESS_TYPE = 0 E_BUSINESS_PRICE = 100000 E_BUSINESS_OWNER_ID = -1 E_BUSINESS_OWNER_NAME = Отсутсвует
E_BUSINESS_PROD = 2991, E_BUSINESS_MAX_PROD = 3000 E_BUSINESS_CASH = 2602 E_BUSINESS_RENT_PRICE = 300
E_BUSINESS_RENT_DAY = 3

[21:22:05] [DEBUG] Business.CreateLabel(0)
[21:22:05] [DEBUG] {6de64e}Магазин 24/7{FFFFFF}
Владелец: {6de64e}Отсутствует{FFFFFF}
Цена бизнеса: {6de64e}100000 EXP{FFFFFF}
Арендная плата: {6de64e}300 EXP{FFFFFF}
[21:22:05] [DEBUG] Business.PrintArray(1)
[21:22:05] [DEBUG] E_BUSINESS_ID = 2
E_BUSINESS_ENTER_X = 1928.58 E_BUSINESS_ENTER_Y = -1776.31 E_BUSINESS_ENTER_Z = 13.5469
E_BUSINESS_EXIT_X = 1930.49 E_BUSINESS_EXIT_Y = -1776.32 E_BUSINESS_EXIT_z = 13.5469 E_BUSINESS_EXIT_ANGLE = 270
E_BUSINESS_TYPE = 0 E_BUSINESS_PRICE = 95000 E_BUSINESS_OWNER_ID = -1 E_BUSINESS_OWNER_NAME = Отсутсвует
E_BUSINESS_PROD = 2991, E_BUSINESS_MAX_PROD = 3000 E_BUSINESS_CASH = 2602 E_BUSINESS_RENT_PRICE = 300
E_BUSINESS_RENT_DAY = 3

[21:22:05] [DEBUG] Business.CreateLabel(1)
[21:22:05] [DEBUG] {6de64e}Магазин 24/7{FFFFFF}
Владелец: {6de64e}Отсутствует{FFFFFF}
Цена бизнеса: {6de64e}95000 EXP{FFFFFF}
Арендная плата: {6de64e}300 EXP{FFFFFF}
[21:22:05] [DEBUG] Business.PrintArray(2)
[21:22:05] [DEBUG] E_BUSINESS_ID = 3
E_BUSINESS_ENTER_X = 2292.24 E_BUSINESS_ENTER_Y = -1722.69 E_BUSINESS_ENTER_Z = 13.5469
E_BUSINESS_EXIT_X = 2292.14 E_BUSINESS_EXIT_Y = -1724.71 E_BUSINESS_EXIT_z = 13.5469 E_BUSINESS_EXIT_ANGLE = 180
E_BUSINESS_TYPE = 0 E_BUSINESS_PRICE = 65000 E_BUSINESS_OWNER_ID = -1 E_BUSINESS_OWNER_NAME = Отсутсвует
E_BUSINESS_PROD = 2991, E_BUSINESS_MAX_PROD = 3000 E_BUSINESS_CASH = 2602 E_BUSINESS_RENT_PRICE = 300
E_BUSINESS_RENT_DAY = 3

[21:22:05] [DEBUG] Business.CreateLabel(2)
[21:22:05] [DEBUG] {6de64e}Магазин 24/7{FFFFFF}
Владелец: {6de64e}Отсутствует{FFFFFF}
Цена бизнеса: {6de64e}65000 EXP{FFFFFF}
Арендная плата: {6de64e}300 EXP{FFFFFF}
[21:22:05] [DEBUG] Business.PrintArray(3)
[21:22:05] [DEBUG] E_BUSINESS_ID = 4
E_BUSINESS_ENTER_X = 2424.26 E_BUSINESS_ENTER_Y = -1742.76 E_BUSINESS_ENTER_Z = 13.5462
E_BUSINESS_EXIT_X = 2422.82 E_BUSINESS_EXIT_Y = -1741.01 E_BUSINESS_EXIT_z = 13.5469 E_BUSINESS_EXIT_ANGLE = 45
E_BUSINESS_TYPE = 0 E_BUSINESS_PRICE = 65000 E_BUSINESS_OWNER_ID = -1 E_BUSINESS_OWNER_NAME = Отсутсвует
E_BUSINESS_PROD = 2991, E_BUSINESS_MAX_PROD = 3000 E_BUSINESS_CASH = 2602 E_BUSINESS_RENT_PRICE = 300
E_BUSINESS_RENT_DAY = 3

[21:22:05] [DEBUG] Business.CreateLabel(3)
[21:22:05] [DEBUG] {6de64e}Магазин 24/7{FFFFFF}
Владелец: {6de64e}Отсутствует{FFFFFF}
Цена бизнеса: {6de64e}65000 EXP{FFFFFF}
Арендная плата: {6de64e}300 EXP{FFFFFF}
[21:22:05] [DEBUG] Business.PrintArray(4)
[21:22:05] [DEBUG] E_BUSINESS_ID = 5
E_BUSINESS_ENTER_X = 2747.41 E_BUSINESS_ENTER_Y = -1615.98 E_BUSINESS_ENTER_Z = 13.0165
E_BUSINESS_EXIT_X = 2744.76 E_BUSINESS_EXIT_Y = -1615.98 E_BUSINESS_EXIT_z = 13.0165 E_BUSINESS_EXIT_ANGLE = 90
E_BUSINESS_TYPE = 0 E_BUSINESS_PRICE = 70000 E_BUSINESS_OWNER_ID = -1 E_BUSINESS_OWNER_NAME = Отсутсвует
E_BUSINESS_PROD = 2991, E_BUSINESS_MAX_PROD = 3000 E_BUSINESS_CASH = 2602 E_BUSINESS_RENT_PRICE = 300
E_BUSINESS_RENT_DAY = 3

[21:22:05] [DEBUG] Business.CreateLabel(4)
[21:22:05] [DEBUG] {6de64e}Магазин 24/7{FFFFFF}
Владелец: {6de64e}Отсутствует{FFFFFF}
Цена бизнеса: {6de64e}70000 EXP{FFFFFF}
Арендная плата: {6de64e}300 EXP{FFFFFF}
[21:22:05] [DEBUG] Business.PrintArray(5)
[21:22:05] [DEBUG] E_BUSINESS_ID = 6
E_BUSINESS_ENTER_X = 1836.51 E_BUSINESS_ENTER_Y = -1442.96 E_BUSINESS_ENTER_Z = 13.5962
E_BUSINESS_EXIT_X = 1839.15 E_BUSINESS_EXIT_Y = -1442.97 E_BUSINESS_EXIT_z = 13.5652 E_BUSINESS_EXIT_ANGLE = 270
E_BUSINESS_TYPE = 0 E_BUSINESS_PRICE = 70000 E_BUSINESS_OWNER_ID = -1 E_BUSINESS_OWNER_NAME = Отсутсвует
E_BUSINESS_PROD = 2991, E_BUSINESS_MAX_PROD = 3000 E_BUSINESS_CASH = 2602 E_BUSINESS_RENT_PRICE = 300
E_BUSINESS_RENT_DAY = 3

[21:22:05] [DEBUG] Business.CreateLabel(5)
[21:22:05] [DEBUG] {6de64e}Магазин 24/7{FFFFFF}
Владелец: {6de64e}Отсутствует{FFFFFF}
Цена бизнеса: {6de64e}70000 EXP{FFFFFF}
Арендная плата: {6de64e}300 EXP{FFFFFF}
[21:22:05] [DEBUG] Business.PrintArray(6)
[21:22:05] [DEBUG] E_BUSINESS_ID = 7
E_BUSINESS_ENTER_X = 1081.24 E_BUSINESS_ENTER_Y = -1696.78 E_BUSINESS_ENTER_Z = 13.5469
E_BUSINESS_EXIT_X = 1081.39 E_BUSINESS_EXIT_Y = -1698.85 E_BUSINESS_EXIT_z = 13.5469 E_BUSINESS_EXIT_ANGLE = 180
E_BUSINESS_TYPE = 0 E_BUSINESS_PRICE = 90000 E_BUSINESS_OWNER_ID = -1 E_BUSINESS_OWNER_NAME = Отсутсвует
E_BUSINESS_PROD = 2991, E_BUSINESS_MAX_PROD = 3000 E_BUSINESS_CASH = 2602 E_BUSINESS_RENT_PRICE = 300
E_BUSINESS_RENT_DAY = 3

[21:22:05] [DEBUG] Business.CreateLabel(6)
[21:22:05] [DEBUG] {6de64e}Магазин 24/7{FFFFFF}
Владелец: {6de64e}Отсутствует{FFFFFF}
Цена бизнеса: {6de64e}90000 EXP{FFFFFF}
Арендная плата: {6de64e}300 EXP{FFFFFF}
[21:22:05] [DEBUG] Business.PrintArray(7)
[21:22:05] [DEBUG] E_BUSINESS_ID = 8
E_BUSINESS_ENTER_X = 663.122 E_BUSINESS_ENTER_Y = 1716.34 E_BUSINESS_ENTER_Z = 7.1875
E_BUSINESS_EXIT_X = 661.701 E_BUSINESS_EXIT_Y = 1718.03 E_BUSINESS_EXIT_z = 7.1875 E_BUSINESS_EXIT_ANGLE = 45
E_BUSINESS_TYPE = 0 E_BUSINESS_PRICE = 60000 E_BUSINESS_OWNER_ID = -1 E_BUSINESS_OWNER_NAME = Отсутсвует
E_BUSINESS_PROD = 2991, E_BUSINESS_MAX_PROD = 3000 E_BUSINESS_CASH = 2602 E_BUSINESS_RENT_PRICE = 300
E_BUSINESS_RENT_DAY = 3

[21:22:05] [DEBUG] Business.CreateLabel(7)
[21:22:05] [DEBUG] {6de64e}Магазин 24/7{FFFFFF}
Владелец: {6de64e}Отсутствует{FFFFFF}
Цена бизнеса: {6de64e}60000 EXP{FFFFFF}
Арендная плата: {6de64e}300 EXP{FFFFFF}
[21:22:05] [INFO] Загружено 8 бизнесов за 105 м.с.
