[23:59:26] [DEBUG] Business.PrintArray(0)
[23:59:26] [DEBUG] E_BUSINESS_ID = 1
E_BUSINESS_ENTER_X = 1833.78 E_BUSINESS_ENTER_Y = -1842.6 E_BUSINESS_ENTER_Z = 13.5781
E_BUSINESS_EXIT_X = 1831.12 E_BUSINESS_EXIT_Y = -1842.73 E_BUSINESS_EXIT_z = 13.5781 E_BUSINESS_EXIT_ANGLE = 90
E_BUSINESS_TYPE = 0 E_BUSINESS_PRICE = 100000 E_BUSINESS_OWNER_ID = -1 E_BUSINESS_OWNER_NAME = Отсутсвует
E_BUSINESS_PROD = 3000, E_BUSINESS_MAX_PROD = 3000 E_BUSINESS_CASH = 2 E_BUSINESS_RENT_PRICE = 300
E_BUSINESS_RENT_DAY = 3

[23:59:26] [DEBUG] Business.CreateLabel(0)
[23:59:26] [DEBUG] {6de64e}Магазин 24/7{FFFFFF}
Владелец: {6de64e}Отсутствует{FFFFFF}
Цена бизнеса: {6de64e}100000 EXP{FFFFFF}
Арендная плата: {6de64e}300 EXP{FFFFFF}
[23:59:26] [INFO] Загружено 1 бизнесов за 1 м.с.
[00:00:03] [DEBUG] Business.SetProd(0, 2998)
[00:00:03] [DEBUG] UPDATE `biz` SET `Prod`=2998 WHERE ID = 1 LIMIT 1
[00:00:03] [DEBUG] Business.SetCash(0, 102)
[00:00:03] [DEBUG] UPDATE `biz` SET `Cash`=102 WHERE ID = 1 LIMIT 1
[00:00:04] [DEBUG] Business.SetProd(0, 2997)
[00:00:04] [DEBUG] UPDATE `biz` SET `Prod`=2997 WHERE ID = 1 LIMIT 1
[00:00:04] [DEBUG] Business.SetCash(0, 352)
[00:00:04] [DEBUG] UPDATE `biz` SET `Cash`=352 WHERE ID = 1 LIMIT 1
[00:00:44] [DEBUG] Business.SetProd(0, 2992)
[00:00:44] [DEBUG] UPDATE `biz` SET `Prod`=2992 WHERE ID = 1 LIMIT 1
[00:00:44] [DEBUG] Business.SetCash(0, 2352)
[00:00:44] [DEBUG] UPDATE `biz` SET `Cash`=2352 WHERE ID = 1 LIMIT 1
[00:00:49] [DEBUG] Business.SetProd(0, 2991)
[00:00:49] [DEBUG] UPDATE `biz` SET `Prod`=2991 WHERE ID = 1 LIMIT 1
[00:00:49] [DEBUG] Business.SetCash(0, 2602)
[00:00:49] [DEBUG] UPDATE `biz` SET `Cash`=2602 WHERE ID = 1 LIMIT 1
